<?xml version="1.0" encoding="UTF-8"?>
<!-- Generated by org.testng.reporters.JUnitReportReporter -->
<testsuite hostname="DESKTOP-3FGKQGD" failures="0" tests="3" name="com.testng.org.Ignore" time="0.012" errors="0" timestamp="2021-11-18T16:50:18 IST" skipped="1">
  <testcase classname="com.testng.org.Ignore" name="amazon" time="0.010"/>
  <system-out/>
  <testcase classname="com.testng.org.Ignore" name="max" time="0.002"/>
  <system-out/>
  <testcase classname="com.testng.org.Ignore" name="filpkart">
    <skipped/>
  </testcase> <!-- filpkart -->
  <system-out/>
</testsuite> <!-- com.testng.org.Ignore -->
