<?xml version="1.0" encoding="UTF-8"?>
<!-- Generated by org.testng.reporters.JUnitReportReporter -->
<testsuite hostname="DESKTOP-3FGKQGD" failures="0" tests="4" name="com.testng.org.e_GroupofGrouping" time="0.016" errors="0" timestamp="2021-11-18T17:05:07 IST" skipped="0">
  <testcase classname="com.testng.org.e_GroupofGrouping" name="player_Age" time="0.010"/>
  <system-out/>
  <testcase classname="com.testng.org.e_GroupofGrouping" name="player_Name" time="0.002"/>
  <system-out/>
  <testcase classname="com.testng.org.e_GroupofGrouping" name="team_1" time="0.002"/>
  <system-out/>
  <testcase classname="com.testng.org.e_GroupofGrouping" name="team_2" time="0.002"/>
  <system-out/>
</testsuite> <!-- com.testng.org.e_GroupofGrouping -->
