<?xml version="1.0" encoding="UTF-8"?>
<!-- Generated by org.testng.reporters.JUnitReportReporter -->
<testsuite hostname="DESKTOP-3FGKQGD" failures="0" tests="5" name="com.testng.org.f_invocation" time="19.074" errors="0" timestamp="2021-11-18T18:52:33 IST" skipped="0">
  <testcase classname="com.testng.org.f_invocation" name="amazon" time="1.693"/>
  <system-out/>
  <testcase classname="com.testng.org.f_invocation" name="amazon" time="1.543"/>
  <system-out/>
  <testcase classname="com.testng.org.f_invocation" name="amazon" time="10.460"/>
  <system-out/>
  <testcase classname="com.testng.org.f_invocation" name="amazon" time="1.519"/>
  <system-out/>
  <testcase classname="com.testng.org.f_invocation" name="amazon" time="3.859"/>
  <system-out/>
</testsuite> <!-- com.testng.org.f_invocation -->
