<?xml version="1.0" encoding="UTF-8"?>
<!-- Generated by org.testng.reporters.JUnitReportReporter -->
<testsuite hostname="DESKTOP-3FGKQGD" failures="0" tests="1" name="com.testng.org.parameterized" time="9.899" errors="0" timestamp="2021-11-24T07:35:37 IST" skipped="0">
  <testcase classname="com.testng.org.parameterized" name="login_cerdentials" time="9.899"/>
  <system-out/>
</testsuite> <!-- com.testng.org.parameterized -->
