<?xml version="1.0" encoding="UTF-8"?>
<!-- Generated by org.testng.reporters.JUnitReportReporter -->
<testsuite hostname="DESKTOP-3FGKQGD" failures="0" tests="2" name="Testng.TestNG_Program.SimpleAnnotation" time="0.011" errors="0" timestamp="2021-11-12T15:36:16 IST" skipped="0">
  <testcase classname="Testng.TestNG_Program.SimpleAnnotation" name="laptop" time="0.008"/>
  <system-out/>
  <testcase classname="Testng.TestNG_Program.SimpleAnnotation" name="mobile" time="0.003"/>
  <system-out/>
</testsuite> <!-- Testng.TestNG_Program.SimpleAnnotation -->
