<?xml version="1.0" encoding="UTF-8"?>
<!-- Generated by org.testng.reporters.JUnitReportReporter -->
<testsuite hostname="DESKTOP-3FGKQGD" failures="0" tests="2" name="com.testng.org.aaa" time="0.011" errors="0" timestamp="2021-11-22T18:23:10 IST" skipped="0">
  <testcase classname="com.testng.org.aaa" name="laptopmodel" time="0.007"/>
  <system-out/>
  <testcase classname="com.testng.org.aaa" name="mobilemodel" time="0.004"/>
  <system-out/>
</testsuite> <!-- com.testng.org.aaa -->
