<?xml version="1.0" encoding="UTF-8"?>
<!-- Generated by org.testng.reporters.JUnitReportReporter -->
<testsuite hostname="DESKTOP-3FGKQGD" failures="0" tests="1" name="com.testng.org.g_Timeout" time="7.417" errors="0" timestamp="2021-11-23T22:46:45 IST" skipped="0">
  <testcase classname="com.testng.org.g_Timeout" name="facebook" time="7.417"/>
  <system-out/>
</testsuite> <!-- com.testng.org.g_Timeout -->
