<?xml version="1.0" encoding="UTF-8"?>
<!-- Generated by org.testng.reporters.JUnitReportReporter -->
<testsuite hostname="DESKTOP-3FGKQGD" failures="0" tests="1" name="com.testng.org.h_ExceptionTest" time="10.330" errors="0" timestamp="2021-11-23T19:50:54 IST" skipped="0">
  <testcase classname="com.testng.org.h_ExceptionTest" name="insta" time="10.330"/>
  <system-out/>
</testsuite> <!-- com.testng.org.h_ExceptionTest -->
