<?xml version="1.0" encoding="UTF-8"?>
<!-- Generated by org.testng.reporters.JUnitReportReporter -->
<testsuite hostname="DESKTOP-3FGKQGD" failures="0" tests="2" name="com.testng.org.SimpleAnnotation" time="0.011" errors="0" timestamp="2021-11-16T18:31:37 IST" skipped="0">
  <testcase classname="com.testng.org.SimpleAnnotation" name="laptop" time="0.009"/>
  <system-out/>
  <testcase classname="com.testng.org.SimpleAnnotation" name="mobile" time="0.002"/>
  <system-out/>
</testsuite> <!-- com.testng.org.SimpleAnnotation -->
