<?xml version="1.0" encoding="UTF-8"?>
<!-- Generated by org.testng.reporters.JUnitReportReporter -->
<testsuite hostname="DESKTOP-3FGKQGD" failures="0" tests="1" name="com.testng.org.practice" time="4.348" errors="0" timestamp="2021-11-22T18:35:54 IST" skipped="0">
  <testcase classname="com.testng.org.practice" name="login" time="4.348"/>
  <system-out/>
</testsuite> <!-- com.testng.org.practice -->
