<?xml version="1.0" encoding="UTF-8"?>
<!-- Generated by org.testng.reporters.JUnitReportReporter -->
<testsuite hostname="DESKTOP-3FGKQGD" failures="0" tests="4" name="com.testng.org.c_Priority" time="0.018" errors="0" timestamp="2021-11-18T17:22:33 IST" skipped="0">
  <testcase classname="com.testng.org.c_Priority" name="website" time="0.012"/>
  <system-out/>
  <testcase classname="com.testng.org.c_Priority" name="category" time="0.002"/>
  <system-out/>
  <testcase classname="com.testng.org.c_Priority" name="product" time="0.002"/>
  <system-out/>
  <testcase classname="com.testng.org.c_Priority" name="cost" time="0.002"/>
  <system-out/>
</testsuite> <!-- com.testng.org.c_Priority -->
