<?xml version="1.0" encoding="UTF-8"?>
<!-- Generated by org.testng.reporters.JUnitReportReporter -->
<testsuite hostname="DESKTOP-3FGKQGD" failures="0" tests="4" name="com.testng.org.Grouping" time="0.018" errors="0" timestamp="2021-11-17T09:57:33 IST" skipped="0">
  <testcase classname="com.testng.org.Grouping" name="team1_loc" time="0.010"/>
  <system-out/>
  <testcase classname="com.testng.org.Grouping" name="team2_loc" time="0.002"/>
  <system-out/>
  <testcase classname="com.testng.org.Grouping" name="team_2" time="0.003"/>
  <system-out/>
  <testcase classname="com.testng.org.Grouping" name="team_1" time="0.003"/>
  <system-out/>
</testsuite> <!-- com.testng.org.Grouping -->
