<?xml version="1.0" encoding="UTF-8"?>
<!-- Generated by org.testng.reporters.JUnitReportReporter -->
<testsuite hostname="DESKTOP-3FGKQGD" failures="0" tests="4" name="com.testng.org.d_GroupofGrouping" time="0.017" errors="0" timestamp="2021-11-18T17:01:55 IST" skipped="0">
  <testcase classname="com.testng.org.d_GroupofGrouping" name="player_Age" time="0.010"/>
  <system-out/>
  <testcase classname="com.testng.org.d_GroupofGrouping" name="team_1" time="0.003"/>
  <system-out/>
  <testcase classname="com.testng.org.d_GroupofGrouping" name="player_Name" time="0.001"/>
  <system-out/>
  <testcase classname="com.testng.org.d_GroupofGrouping" name="team_2" time="0.003"/>
  <system-out/>
</testsuite> <!-- com.testng.org.d_GroupofGrouping -->
