<?xml version="1.0" encoding="UTF-8"?>
<!-- Generated by org.testng.reporters.JUnitReportReporter -->
<testsuite hostname="DESKTOP-3FGKQGD" failures="0" tests="1" name="com.testng.org.fb1" time="4.329" errors="0" timestamp="2021-11-17T10:18:49 IST" skipped="0">
  <testcase classname="com.testng.org.fb1" name="login" time="4.329"/>
  <system-out/>
</testsuite> <!-- com.testng.org.fb1 -->
